Using pre-set license
Built from '2020.2/release' branch; Version is '2020.2.2f1 (068178b99f32) revision 426360'; Using compiler version '192528614'; Build Type 'Release'
OS: 'Windows 10 Home; OS build 22000.675; Version 2009; 64bit' Language: 'en' Physical Memory: 16122 MB
BatchMode: 1, IsHumanControllingUs: 0, StartBugReporterOnCrash: 0, Is64bit: 1, IsPro: 0

 COMMAND LINE ARGUMENTS:
C:\Program Files\Unity\Hub\Editor\2020.2.2f1\Editor\Unity.exe
-adb2
-batchMode
-noUpm
-name
AssetImportWorker0
-projectPath
D:/UnityBuilds/StopTheSpread2Game
-logFile
Logs/AssetImportWorker0.log
-srvPort
55408
Successfully changed project path to: D:/UnityBuilds/StopTheSpread2Game
D:/UnityBuilds/StopTheSpread2Game
Using Asset Import Pipeline V2.
Refreshing native plugins compatible for Editor in 46.67 ms, found 0 plugins.
Preloading 0 native plugins for Editor in 0.00 ms.
Initialize engine version: 2020.2.2f1 (068178b99f32)
[Subsystems] Discovering subsystems at path C:/Program Files/Unity/Hub/Editor/2020.2.2f1/Editor/Data/Resources/UnitySubsystems
[Subsystems] Discovering subsystems at path D:/UnityBuilds/StopTheSpread2Game/Assets
GfxDevice: creating device client; threaded=0
Direct3D:
    Version:  Direct3D 11.0 [level 11.1]
    Renderer: NVIDIA GeForce GTX 1650 Ti with Max-Q Design (ID=0x1f95)
    Vendor:   
    VRAM:     3962 MB
    Driver:   30.0.15.1179
Initialize mono
Mono path[0] = 'C:/Program Files/Unity/Hub/Editor/2020.2.2f1/Editor/Data/Managed'
Mono path[1] = 'C:/Program Files/Unity/Hub/Editor/2020.2.2f1/Editor/Data/MonoBleedingEdge/lib/mono/unityjit'
Mono config path = 'C:/Program Files/Unity/Hub/Editor/2020.2.2f1/Editor/Data/MonoBleedingEdge/etc'
Using monoOptions --debugger-agent=transport=dt_socket,embedding=1,server=y,suspend=n,address=127.0.0.1:56904
Begin MonoManager ReloadAssembly
Registering precompiled unity dll's ...
Register platform support module: C:/Program Files/Unity/Hub/Editor/2020.2.2f1/Editor/Data/PlaybackEngines/WindowsStandaloneSupport/UnityEditor.WindowsStandalone.Extensions.dll
Registered in 0.001438 seconds.
Native extension for WindowsStandalone target not found
Refreshing native plugins compatible for Editor in 44.59 ms, found 0 plugins.
Preloading 0 native plugins for Editor in 0.00 ms.
Invoked RoslynAnalysisRunner static constructor.
RoslynAnalysisRunner will not be running.
RoslynAnalysisRunner has terminated.
Mono: successfully reloaded assembly
- Completed reload, in  2.041 seconds
Platform modules already initialized, skipping
Registering precompiled user dll's ...
Registered in 0.001196 seconds.
Begin MonoManager ReloadAssembly
Native extension for WindowsStandalone target not found
Refreshing native plugins compatible for Editor in 0.37 ms, found 0 plugins.
Preloading 0 native plugins for Editor in 0.00 ms.
Invoked RoslynAnalysisRunner static constructor.
RoslynAnalysisRunner will not be running.
RoslynAnalysisRunner has terminated.
Mono: successfully reloaded assembly
- Completed reload, in  0.914 seconds
Platform modules already initialized, skipping
========================================================================
Worker process is ready to serve import requests
Launched and connected shader compiler UnityShaderCompiler.exe after 0.03 seconds
Refreshing native plugins compatible for Editor in 0.35 ms, found 0 plugins.
Preloading 0 native plugins for Editor in 0.00 ms.
Unloading 1550 Unused Serialized files (Serialized files now loaded: 0)
System memory in use before: 81.1 MB.
System memory in use after: 81.2 MB.

Unloading 78 unused Assets to reduce memory usage. Loaded Objects now: 2001.
Total: 2.315900 ms (FindLiveObjects: 0.337200 ms CreateObjectMapping: 0.069800 ms MarkObjects: 1.691300 ms  DeleteObjects: 0.215000 ms)

========================================================================
Received Import Request.
  path: Assets/StopTheSpread2Game/Prefabs/Main Camera.prefab
  artifactKey: Guid(7b94abe26b0eb5f44be129dd850fb62a) Importer(815301076,1909f56bfc062723c751e8b465ee728b)
Start importing Assets/StopTheSpread2Game/Prefabs/Main Camera.prefab using Guid(7b94abe26b0eb5f44be129dd850fb62a) Importer(815301076,1909f56bfc062723c751e8b465ee728b)  -> (artifact id: 'cdd422da0adba241f347dc4045e5edfe') in 0.151679 seconds
  Import took 0.157374 seconds .

========================================================================
Received Import Request.
  Time since last request: 0.000180 seconds.
  path: Assets/StopTheSpread2Game/Prefabs/----- Player ------.prefab
  artifactKey: Guid(5dda762cb6e077a4cbb6d7b4516b5b74) Importer(815301076,1909f56bfc062723c751e8b465ee728b)
Start importing Assets/StopTheSpread2Game/Prefabs/----- Player ------.prefab using Guid(5dda762cb6e077a4cbb6d7b4516b5b74) Importer(815301076,1909f56bfc062723c751e8b465ee728b)  -> (artifact id: 'a6efd3f1ee53ae6e70c53e80577a0997') in 0.027408 seconds
  Import took 0.033771 seconds .

========================================================================
Received Import Request.
  Time since last request: 13.591818 seconds.
  path: Assets/StopTheSpread2Game/Scripts/KillCount.cs
  artifactKey: Guid(89a8dd4f23fea4e4baf1ed175bd06870) Importer(815301076,1909f56bfc062723c751e8b465ee728b)
Start importing Assets/StopTheSpread2Game/Scripts/KillCount.cs using Guid(89a8dd4f23fea4e4baf1ed175bd06870) Importer(815301076,1909f56bfc062723c751e8b465ee728b)  -> (artifact id: 'b35b86591d859140ea58ac940288226b') in 0.021153 seconds
  Import took 0.028045 seconds .

========================================================================
Received Prepare
Registering precompiled user dll's ...
Registered in 0.001509 seconds.
Begin MonoManager ReloadAssembly
Native extension for WindowsStandalone target not found
Refreshing native plugins compatible for Editor in 0.67 ms, found 0 plugins.
Preloading 0 native plugins for Editor in 0.00 ms.
Warning: Annotation not found!
UnityEngine.StackTraceUtility:ExtractStackTrace ()
UnityEditor.ProBuilder.EditorUtility:SetGizmoIconEnabled (System.Type,bool) (at Library/PackageCache/com.unity.probuilder@4.4.0/Editor/EditorCore/EditorUtility.cs:593)
UnityEditor.ProBuilder.HierarchyListener:.cctor () (at Library/PackageCache/com.unity.probuilder@4.4.0/Editor/EditorCore/HierarchyListener.cs:21)
System.Runtime.CompilerServices.RuntimeHelpers:RunClassConstructor (System.RuntimeTypeHandle)
UnityEditor.EditorAssemblies:ProcessInitializeOnLoadAttributes (System.Type[])

[Library/PackageCache/com.unity.probuilder@4.4.0/Editor/EditorCore/EditorUtility.cs line 593]

Invoked RoslynAnalysisRunner static constructor.
RoslynAnalysisRunner will not be running.
RoslynAnalysisRunner has terminated.
Mono: successfully reloaded assembly
- Completed reload, in  1.386 seconds
Platform modules already initialized, skipping
Refreshing native plugins compatible for Editor in 0.53 ms, found 0 plugins.
Preloading 0 native plugins for Editor in 0.00 ms.
Unloading 1501 Unused Serialized files (Serialized files now loaded: 0)
System memory in use before: 81.6 MB.
System memory in use after: 81.7 MB.

Unloading 7 unused Assets to reduce memory usage. Loaded Objects now: 2012.
Total: 3.558800 ms (FindLiveObjects: 0.264100 ms CreateObjectMapping: 0.134600 ms MarkObjects: 3.022400 ms  DeleteObjects: 0.134500 ms)

========================================================================
Received Import Request.
  Time since last request: 849.499802 seconds.
  path: Assets/StopTheSpread2Game/Scripts/KillCount.cs
  artifactKey: Guid(89a8dd4f23fea4e4baf1ed175bd06870) Importer(815301076,1909f56bfc062723c751e8b465ee728b)
Start importing Assets/StopTheSpread2Game/Scripts/KillCount.cs using Guid(89a8dd4f23fea4e4baf1ed175bd06870) Importer(815301076,1909f56bfc062723c751e8b465ee728b)  -> (artifact id: '2792e2420bb5e3bb84991c41d27a5909') in 0.021045 seconds
  Import took 0.029072 seconds .

========================================================================
Received Import Request.
  Time since last request: 0.127728 seconds.
  path: Assets/StopTheSpread2Game/Scripts/KillCount.cs
  artifactKey: Guid(89a8dd4f23fea4e4baf1ed175bd06870) Importer(815301076,1909f56bfc062723c751e8b465ee728b)
Start importing Assets/StopTheSpread2Game/Scripts/KillCount.cs using Guid(89a8dd4f23fea4e4baf1ed175bd06870) Importer(815301076,1909f56bfc062723c751e8b465ee728b)  -> (artifact id: '2792e2420bb5e3bb84991c41d27a5909') in 0.010907 seconds
  Import took 0.015261 seconds .

========================================================================
Received Import Request.
  Time since last request: 40.863543 seconds.
  path: Assets/StopTheSpread2Game/Scripts/KillCount.cs
  artifactKey: Guid(89a8dd4f23fea4e4baf1ed175bd06870) Importer(815301076,1909f56bfc062723c751e8b465ee728b)
Start importing Assets/StopTheSpread2Game/Scripts/KillCount.cs using Guid(89a8dd4f23fea4e4baf1ed175bd06870) Importer(815301076,1909f56bfc062723c751e8b465ee728b)  -> (artifact id: '9b266c0d02117b1f15834809a48341cf') in 0.012532 seconds
  Import took 0.023434 seconds .

========================================================================
Received Import Request.
  Time since last request: 0.013479 seconds.
  path: Assets/StopTheSpread2Game/Scripts/KillCount.cs
  artifactKey: Guid(89a8dd4f23fea4e4baf1ed175bd06870) Importer(815301076,1909f56bfc062723c751e8b465ee728b)
Start importing Assets/StopTheSpread2Game/Scripts/KillCount.cs using Guid(89a8dd4f23fea4e4baf1ed175bd06870) Importer(815301076,1909f56bfc062723c751e8b465ee728b)  -> (artifact id: '9b266c0d02117b1f15834809a48341cf') in 0.010861 seconds
  Import took 0.016070 seconds .

========================================================================
Received Import Request.
  Time since last request: 25.811678 seconds.
  path: Assets/StopTheSpread2Game/Scripts/KillCount.cs
  artifactKey: Guid(89a8dd4f23fea4e4baf1ed175bd06870) Importer(815301076,1909f56bfc062723c751e8b465ee728b)
Start importing Assets/StopTheSpread2Game/Scripts/KillCount.cs using Guid(89a8dd4f23fea4e4baf1ed175bd06870) Importer(815301076,1909f56bfc062723c751e8b465ee728b)  -> (artifact id: 'da24ccbc02c02903a771b4abd4184d85') in 0.009237 seconds
  Import took 0.013429 seconds .

========================================================================
Received Import Request.
  Time since last request: 0.069730 seconds.
  path: Assets/StopTheSpread2Game/Scripts/KillCount.cs
  artifactKey: Guid(89a8dd4f23fea4e4baf1ed175bd06870) Importer(815301076,1909f56bfc062723c751e8b465ee728b)
Start importing Assets/StopTheSpread2Game/Scripts/KillCount.cs using Guid(89a8dd4f23fea4e4baf1ed175bd06870) Importer(815301076,1909f56bfc062723c751e8b465ee728b)  -> (artifact id: 'da24ccbc02c02903a771b4abd4184d85') in 0.010427 seconds
  Import took 0.014703 seconds .

========================================================================
Received Prepare
Registering precompiled user dll's ...
Registered in 0.001277 seconds.
Begin MonoManager ReloadAssembly
Native extension for WindowsStandalone target not found
Refreshing native plugins compatible for Editor in 0.60 ms, found 0 plugins.
Preloading 0 native plugins for Editor in 0.00 ms.
Warning: Annotation not found!
UnityEngine.StackTraceUtility:ExtractStackTrace ()
UnityEditor.ProBuilder.EditorUtility:SetGizmoIconEnabled (System.Type,bool) (at Library/PackageCache/com.unity.probuilder@4.4.0/Editor/EditorCore/EditorUtility.cs:593)
UnityEditor.ProBuilder.HierarchyListener:.cctor () (at Library/PackageCache/com.unity.probuilder@4.4.0/Editor/EditorCore/HierarchyListener.cs:21)
System.Runtime.CompilerServices.RuntimeHelpers:RunClassConstructor (System.RuntimeTypeHandle)
UnityEditor.EditorAssemblies:ProcessInitializeOnLoadAttributes (System.Type[])

[Library/PackageCache/com.unity.probuilder@4.4.0/Editor/EditorCore/EditorUtility.cs line 593]

Invoked RoslynAnalysisRunner static constructor.
RoslynAnalysisRunner will not be running.
RoslynAnalysisRunner has terminated.
Mono: successfully reloaded assembly
- Completed reload, in  1.673 seconds
Platform modules already initialized, skipping
Refreshing native plugins compatible for Editor in 0.56 ms, found 0 plugins.
Preloading 0 native plugins for Editor in 0.00 ms.
Unloading 1501 Unused Serialized files (Serialized files now loaded: 0)
System memory in use before: 81.6 MB.
System memory in use after: 81.7 MB.

Unloading 7 unused Assets to reduce memory usage. Loaded Objects now: 2014.
Total: 4.071700 ms (FindLiveObjects: 0.358300 ms CreateObjectMapping: 0.085400 ms MarkObjects: 3.448900 ms  DeleteObjects: 0.176700 ms)

========================================================================
Received Prepare
Registering precompiled user dll's ...
Registered in 0.001583 seconds.
Begin MonoManager ReloadAssembly
Native extension for WindowsStandalone target not found
Refreshing native plugins compatible for Editor in 0.59 ms, found 0 plugins.
Preloading 0 native plugins for Editor in 0.00 ms.
Warning: Annotation not found!
UnityEngine.StackTraceUtility:ExtractStackTrace ()
UnityEditor.ProBuilder.EditorUtility:SetGizmoIconEnabled (System.Type,bool) (at Library/PackageCache/com.unity.probuilder@4.4.0/Editor/EditorCore/EditorUtility.cs:593)
UnityEditor.ProBuilder.HierarchyListener:.cctor () (at Library/PackageCache/com.unity.probuilder@4.4.0/Editor/EditorCore/HierarchyListener.cs:21)
System.Runtime.CompilerServices.RuntimeHelpers:RunClassConstructor (System.RuntimeTypeHandle)
UnityEditor.EditorAssemblies:ProcessInitializeOnLoadAttributes (System.Type[])

[Library/PackageCache/com.unity.probuilder@4.4.0/Editor/EditorCore/EditorUtility.cs line 593]

Invoked RoslynAnalysisRunner static constructor.
RoslynAnalysisRunner will not be running.
RoslynAnalysisRunner has terminated.
Mono: successfully reloaded assembly
- Completed reload, in  1.683 seconds
Platform modules already initialized, skipping
Refreshing native plugins compatible for Editor in 0.59 ms, found 0 plugins.
Preloading 0 native plugins for Editor in 0.00 ms.
Unloading 1501 Unused Serialized files (Serialized files now loaded: 0)
System memory in use before: 81.6 MB.
System memory in use after: 81.7 MB.

Unloading 7 unused Assets to reduce memory usage. Loaded Objects now: 2016.
Total: 4.370600 ms (FindLiveObjects: 0.221000 ms CreateObjectMapping: 0.076300 ms MarkObjects: 3.923400 ms  DeleteObjects: 0.147000 ms)

========================================================================
Received Import Request.
  Time since last request: 394.190041 seconds.
  path: Assets/StopTheSpread2Game/Scripts/KillCount.cs
  artifactKey: Guid(89a8dd4f23fea4e4baf1ed175bd06870) Importer(815301076,1909f56bfc062723c751e8b465ee728b)
Start importing Assets/StopTheSpread2Game/Scripts/KillCount.cs using Guid(89a8dd4f23fea4e4baf1ed175bd06870) Importer(815301076,1909f56bfc062723c751e8b465ee728b)  -> (artifact id: '14326bb7b2791673f02bf4e37c6d0521') in 0.016429 seconds
  Import took 0.025312 seconds .

========================================================================
Received Import Request.
  Time since last request: 153.901745 seconds.
  path: Assets/StopTheSpread2Game/Scripts/KillCount.cs
  artifactKey: Guid(89a8dd4f23fea4e4baf1ed175bd06870) Importer(815301076,1909f56bfc062723c751e8b465ee728b)
Start importing Assets/StopTheSpread2Game/Scripts/KillCount.cs using Guid(89a8dd4f23fea4e4baf1ed175bd06870) Importer(815301076,1909f56bfc062723c751e8b465ee728b)  -> (artifact id: '6a979c2043cd02c9317e7b53c13e82f0') in 0.018033 seconds
  Import took 0.024413 seconds .

========================================================================
Received Import Request.
  Time since last request: 0.106886 seconds.
  path: Assets/StopTheSpread2Game/Scripts/KillCount.cs
  artifactKey: Guid(89a8dd4f23fea4e4baf1ed175bd06870) Importer(815301076,1909f56bfc062723c751e8b465ee728b)
Start importing Assets/StopTheSpread2Game/Scripts/KillCount.cs using Guid(89a8dd4f23fea4e4baf1ed175bd06870) Importer(815301076,1909f56bfc062723c751e8b465ee728b)  -> (artifact id: '6a979c2043cd02c9317e7b53c13e82f0') in 0.011467 seconds
  Import took 0.015777 seconds .

========================================================================
Received Prepare
Registering precompiled user dll's ...
Registered in 0.001930 seconds.
Begin MonoManager ReloadAssembly
Native extension for WindowsStandalone target not found
Refreshing native plugins compatible for Editor in 0.69 ms, found 0 plugins.
Preloading 0 native plugins for Editor in 0.00 ms.
Warning: Annotation not found!
UnityEngine.StackTraceUtility:ExtractStackTrace ()
UnityEditor.ProBuilder.EditorUtility:SetGizmoIconEnabled (System.Type,bool) (at Library/PackageCache/com.unity.probuilder@4.4.0/Editor/EditorCore/EditorUtility.cs:593)
UnityEditor.ProBuilder.HierarchyListener:.cctor () (at Library/PackageCache/com.unity.probuilder@4.4.0/Editor/EditorCore/HierarchyListener.cs:21)
System.Runtime.CompilerServices.RuntimeHelpers:RunClassConstructor (System.RuntimeTypeHandle)
UnityEditor.EditorAssemblies:ProcessInitializeOnLoadAttributes (System.Type[])

[Library/PackageCache/com.unity.probuilder@4.4.0/Editor/EditorCore/EditorUtility.cs line 593]

Invoked RoslynAnalysisRunner static constructor.
RoslynAnalysisRunner will not be running.
RoslynAnalysisRunner has terminated.
Mono: successfully reloaded assembly
- Completed reload, in  1.677 seconds
Platform modules already initialized, skipping
Refreshing native plugins compatible for Editor in 0.53 ms, found 0 plugins.
Preloading 0 native plugins for Editor in 0.00 ms.
Unloading 1501 Unused Serialized files (Serialized files now loaded: 0)
System memory in use before: 81.7 MB.
System memory in use after: 81.7 MB.

Unloading 7 unused Assets to reduce memory usage. Loaded Objects now: 2018.
Total: 4.490000 ms (FindLiveObjects: 0.236100 ms CreateObjectMapping: 0.073700 ms MarkObjects: 3.994600 ms  DeleteObjects: 0.182800 ms)

========================================================================
Received Import Request.
  Time since last request: 45.438179 seconds.
  path: Assets/StopTheSpread2Game/Scripts/KillCount.cs
  artifactKey: Guid(89a8dd4f23fea4e4baf1ed175bd06870) Importer(815301076,1909f56bfc062723c751e8b465ee728b)
Start importing Assets/StopTheSpread2Game/Scripts/KillCount.cs using Guid(89a8dd4f23fea4e4baf1ed175bd06870) Importer(815301076,1909f56bfc062723c751e8b465ee728b)  -> (artifact id: 'e86be5ffa0667f7c6919b25a16b9a85b') in 0.013009 seconds
  Import took 0.020305 seconds .

========================================================================
Received Prepare
Registering precompiled user dll's ...
Registered in 0.001374 seconds.
Begin MonoManager ReloadAssembly
Native extension for WindowsStandalone target not found
Refreshing native plugins compatible for Editor in 0.53 ms, found 0 plugins.
Preloading 0 native plugins for Editor in 0.00 ms.
Warning: Annotation not found!
UnityEngine.StackTraceUtility:ExtractStackTrace ()
UnityEditor.ProBuilder.EditorUtility:SetGizmoIconEnabled (System.Type,bool) (at Library/PackageCache/com.unity.probuilder@4.4.0/Editor/EditorCore/EditorUtility.cs:593)
UnityEditor.ProBuilder.HierarchyListener:.cctor () (at Library/PackageCache/com.unity.probuilder@4.4.0/Editor/EditorCore/HierarchyListener.cs:21)
System.Runtime.CompilerServices.RuntimeHelpers:RunClassConstructor (System.RuntimeTypeHandle)
UnityEditor.EditorAssemblies:ProcessInitializeOnLoadAttributes (System.Type[])

[Library/PackageCache/com.unity.probuilder@4.4.0/Editor/EditorCore/EditorUtility.cs line 593]

Invoked RoslynAnalysisRunner static constructor.
RoslynAnalysisRunner will not be running.
RoslynAnalysisRunner has terminated.
Mono: successfully reloaded assembly
- Completed reload, in  1.530 seconds
Platform modules already initialized, skipping
Refreshing native plugins compatible for Editor in 0.66 ms, found 0 plugins.
Preloading 0 native plugins for Editor in 0.00 ms.
Unloading 1501 Unused Serialized files (Serialized files now loaded: 0)
System memory in use before: 81.7 MB.
System memory in use after: 81.7 MB.

Unloading 7 unused Assets to reduce memory usage. Loaded Objects now: 2020.
Total: 5.149100 ms (FindLiveObjects: 0.424700 ms CreateObjectMapping: 0.139800 ms MarkObjects: 4.409500 ms  DeleteObjects: 0.172800 ms)

========================================================================
Received Import Request.
  Time since last request: 268.508260 seconds.
  path: Assets/StopTheSpread2Game/Scripts/KillCount.cs
  artifactKey: Guid(89a8dd4f23fea4e4baf1ed175bd06870) Importer(815301076,1909f56bfc062723c751e8b465ee728b)
Start importing Assets/StopTheSpread2Game/Scripts/KillCount.cs using Guid(89a8dd4f23fea4e4baf1ed175bd06870) Importer(815301076,1909f56bfc062723c751e8b465ee728b)  -> (artifact id: '85ab4f8131b24257ba20f03af326dd8d') in 0.015163 seconds
  Import took 0.023718 seconds .

========================================================================
Received Import Request.
  Time since last request: 0.095403 seconds.
  path: Assets/StopTheSpread2Game/Scripts/KillCount.cs
  artifactKey: Guid(89a8dd4f23fea4e4baf1ed175bd06870) Importer(815301076,1909f56bfc062723c751e8b465ee728b)
Start importing Assets/StopTheSpread2Game/Scripts/KillCount.cs using Guid(89a8dd4f23fea4e4baf1ed175bd06870) Importer(815301076,1909f56bfc062723c751e8b465ee728b)  -> (artifact id: '85ab4f8131b24257ba20f03af326dd8d') in 0.007900 seconds
  Import took 0.011062 seconds .

========================================================================
Received Prepare
Registering precompiled user dll's ...
Registered in 0.002326 seconds.
Begin MonoManager ReloadAssembly
Native extension for WindowsStandalone target not found
Refreshing native plugins compatible for Editor in 0.50 ms, found 0 plugins.
Preloading 0 native plugins for Editor in 0.00 ms.
Warning: Annotation not found!
UnityEngine.StackTraceUtility:ExtractStackTrace ()
UnityEditor.ProBuilder.EditorUtility:SetGizmoIconEnabled (System.Type,bool) (at Library/PackageCache/com.unity.probuilder@4.4.0/Editor/EditorCore/EditorUtility.cs:593)
UnityEditor.ProBuilder.HierarchyListener:.cctor () (at Library/PackageCache/com.unity.probuilder@4.4.0/Editor/EditorCore/HierarchyListener.cs:21)
System.Runtime.CompilerServices.RuntimeHelpers:RunClassConstructor (System.RuntimeTypeHandle)
UnityEditor.EditorAssemblies:ProcessInitializeOnLoadAttributes (System.Type[])

[Library/PackageCache/com.unity.probuilder@4.4.0/Editor/EditorCore/EditorUtility.cs line 593]

Invoked RoslynAnalysisRunner static constructor.
RoslynAnalysisRunner will not be running.
RoslynAnalysisRunner has terminated.
Mono: successfully reloaded assembly
- Completed reload, in  1.547 seconds
Platform modules already initialized, skipping
Refreshing native plugins compatible for Editor in 0.77 ms, found 0 plugins.
Preloading 0 native plugins for Editor in 0.00 ms.
Unloading 1501 Unused Serialized files (Serialized files now loaded: 0)
System memory in use before: 81.7 MB.
System memory in use after: 81.8 MB.

Unloading 7 unused Assets to reduce memory usage. Loaded Objects now: 2022.
Total: 20.527600 ms (FindLiveObjects: 0.493600 ms CreateObjectMapping: 0.209300 ms MarkObjects: 19.427600 ms  DeleteObjects: 0.392300 ms)

========================================================================
Received Prepare
Registering precompiled user dll's ...
Registered in 0.001426 seconds.
Begin MonoManager ReloadAssembly
Native extension for WindowsStandalone target not found
Refreshing native plugins compatible for Editor in 0.63 ms, found 0 plugins.
Preloading 0 native plugins for Editor in 0.00 ms.
Warning: Annotation not found!
UnityEngine.StackTraceUtility:ExtractStackTrace ()
UnityEditor.ProBuilder.EditorUtility:SetGizmoIconEnabled (System.Type,bool) (at Library/PackageCache/com.unity.probuilder@4.4.0/Editor/EditorCore/EditorUtility.cs:593)
UnityEditor.ProBuilder.HierarchyListener:.cctor () (at Library/PackageCache/com.unity.probuilder@4.4.0/Editor/EditorCore/HierarchyListener.cs:21)
System.Runtime.CompilerServices.RuntimeHelpers:RunClassConstructor (System.RuntimeTypeHandle)
UnityEditor.EditorAssemblies:ProcessInitializeOnLoadAttributes (System.Type[])

[Library/PackageCache/com.unity.probuilder@4.4.0/Editor/EditorCore/EditorUtility.cs line 593]

Invoked RoslynAnalysisRunner static constructor.
RoslynAnalysisRunner will not be running.
RoslynAnalysisRunner has terminated.
Mono: successfully reloaded assembly
- Completed reload, in  1.659 seconds
Platform modules already initialized, skipping
Refreshing native plugins compatible for Editor in 0.78 ms, found 0 plugins.
Preloading 0 native plugins for Editor in 0.00 ms.
Unloading 1501 Unused Serialized files (Serialized files now loaded: 0)
System memory in use before: 81.7 MB.
System memory in use after: 81.8 MB.

Unloading 7 unused Assets to reduce memory usage. Loaded Objects now: 2024.
Total: 5.005000 ms (FindLiveObjects: 0.381300 ms CreateObjectMapping: 0.162200 ms MarkObjects: 4.276400 ms  DeleteObjects: 0.181600 ms)

========================================================================
Received Import Request.
  Time since last request: 50.444011 seconds.
  path: Assets/StopTheSpread2Game/Scripts/KillCount.cs
  artifactKey: Guid(89a8dd4f23fea4e4baf1ed175bd06870) Importer(815301076,1909f56bfc062723c751e8b465ee728b)
Start importing Assets/StopTheSpread2Game/Scripts/KillCount.cs using Guid(89a8dd4f23fea4e4baf1ed175bd06870) Importer(815301076,1909f56bfc062723c751e8b465ee728b)  -> (artifact id: '265d7d18bb9ea18e4ba973d7617ea9b0') in 0.021146 seconds
  Import took 0.027995 seconds .

========================================================================
Received Import Request.
  Time since last request: 253.455388 seconds.
  path: Assets/StopTheSpread2Game/Scripts/KillCount.cs
  artifactKey: Guid(89a8dd4f23fea4e4baf1ed175bd06870) Importer(815301076,1909f56bfc062723c751e8b465ee728b)
Start importing Assets/StopTheSpread2Game/Scripts/KillCount.cs using Guid(89a8dd4f23fea4e4baf1ed175bd06870) Importer(815301076,1909f56bfc062723c751e8b465ee728b)  -> (artifact id: '4a1fa71065df1dab8fcc8a838b0c62bc') in 0.007244 seconds
  Import took 0.013903 seconds .

========================================================================
Received Import Request.
  Time since last request: 0.074737 seconds.
  path: Assets/StopTheSpread2Game/Scripts/KillCount.cs
  artifactKey: Guid(89a8dd4f23fea4e4baf1ed175bd06870) Importer(815301076,1909f56bfc062723c751e8b465ee728b)
Start importing Assets/StopTheSpread2Game/Scripts/KillCount.cs using Guid(89a8dd4f23fea4e4baf1ed175bd06870) Importer(815301076,1909f56bfc062723c751e8b465ee728b)  -> (artifact id: '4a1fa71065df1dab8fcc8a838b0c62bc') in 0.008600 seconds
  Import took 0.013731 seconds .

========================================================================
Received Prepare
Registering precompiled user dll's ...
Registered in 0.001171 seconds.
Begin MonoManager ReloadAssembly
Native extension for WindowsStandalone target not found
Refreshing native plugins compatible for Editor in 0.78 ms, found 0 plugins.
Preloading 0 native plugins for Editor in 0.00 ms.
Warning: Annotation not found!
UnityEngine.StackTraceUtility:ExtractStackTrace ()
UnityEditor.ProBuilder.EditorUtility:SetGizmoIconEnabled (System.Type,bool) (at Library/PackageCache/com.unity.probuilder@4.4.0/Editor/EditorCore/EditorUtility.cs:593)
UnityEditor.ProBuilder.HierarchyListener:.cctor () (at Library/PackageCache/com.unity.probuilder@4.4.0/Editor/EditorCore/HierarchyListener.cs:21)
System.Runtime.CompilerServices.RuntimeHelpers:RunClassConstructor (System.RuntimeTypeHandle)
UnityEditor.EditorAssemblies:ProcessInitializeOnLoadAttributes (System.Type[])

[Library/PackageCache/com.unity.probuilder@4.4.0/Editor/EditorCore/EditorUtility.cs line 593]

Invoked RoslynAnalysisRunner static constructor.
RoslynAnalysisRunner will not be running.
RoslynAnalysisRunner has terminated.
Mono: successfully reloaded assembly
- Completed reload, in  1.382 seconds
Platform modules already initialized, skipping
Refreshing native plugins compatible for Editor in 0.62 ms, found 0 plugins.
Preloading 0 native plugins for Editor in 0.00 ms.
Unloading 1501 Unused Serialized files (Serialized files now loaded: 0)
System memory in use before: 81.7 MB.
System memory in use after: 81.8 MB.

Unloading 7 unused Assets to reduce memory usage. Loaded Objects now: 2026.
Total: 6.897600 ms (FindLiveObjects: 0.393500 ms CreateObjectMapping: 0.166100 ms MarkObjects: 6.187100 ms  DeleteObjects: 0.147800 ms)

========================================================================
Received Prepare
Registering precompiled user dll's ...
Registered in 0.001428 seconds.
Begin MonoManager ReloadAssembly
Native extension for WindowsStandalone target not found
Refreshing native plugins compatible for Editor in 0.50 ms, found 0 plugins.
Preloading 0 native plugins for Editor in 0.00 ms.
Warning: Annotation not found!
UnityEngine.StackTraceUtility:ExtractStackTrace ()
UnityEditor.ProBuilder.EditorUtility:SetGizmoIconEnabled (System.Type,bool) (at Library/PackageCache/com.unity.probuilder@4.4.0/Editor/EditorCore/EditorUtility.cs:593)
UnityEditor.ProBuilder.HierarchyListener:.cctor () (at Library/PackageCache/com.unity.probuilder@4.4.0/Editor/EditorCore/HierarchyListener.cs:21)
System.Runtime.CompilerServices.RuntimeHelpers:RunClassConstructor (System.RuntimeTypeHandle)
UnityEditor.EditorAssemblies:ProcessInitializeOnLoadAttributes (System.Type[])

[Library/PackageCache/com.unity.probuilder@4.4.0/Editor/EditorCore/EditorUtility.cs line 593]

Invoked RoslynAnalysisRunner static constructor.
RoslynAnalysisRunner will not be running.
RoslynAnalysisRunner has terminated.
Mono: successfully reloaded assembly
- Completed reload, in  1.508 seconds
Platform modules already initialized, skipping
Refreshing native plugins compatible for Editor in 0.69 ms, found 0 plugins.
Preloading 0 native plugins for Editor in 0.00 ms.
Unloading 1501 Unused Serialized files (Serialized files now loaded: 0)
System memory in use before: 81.7 MB.
System memory in use after: 81.7 MB.

Unloading 7 unused Assets to reduce memory usage. Loaded Objects now: 2028.
Total: 4.275200 ms (FindLiveObjects: 0.423200 ms CreateObjectMapping: 0.150400 ms MarkObjects: 3.493200 ms  DeleteObjects: 0.205500 ms)

========================================================================
Received Import Request.
  Time since last request: 265.990718 seconds.
  path: Assets/StopTheSpread2Game/Scripts/KillCount.cs
  artifactKey: Guid(89a8dd4f23fea4e4baf1ed175bd06870) Importer(815301076,1909f56bfc062723c751e8b465ee728b)
Start importing Assets/StopTheSpread2Game/Scripts/KillCount.cs using Guid(89a8dd4f23fea4e4baf1ed175bd06870) Importer(815301076,1909f56bfc062723c751e8b465ee728b)  -> (artifact id: '3239279cbe35bbc9ec2f1e2fa0aa6d0d') in 0.015276 seconds
  Import took 0.020550 seconds .

========================================================================
Received Import Request.
  Time since last request: 273.359978 seconds.
  path: Assets/StopTheSpread2Game/Scripts/Enemy.cs
  artifactKey: Guid(a80d084c0f082f243b762142cb1a4cbb) Importer(815301076,1909f56bfc062723c751e8b465ee728b)
Start importing Assets/StopTheSpread2Game/Scripts/Enemy.cs using Guid(a80d084c0f082f243b762142cb1a4cbb) Importer(815301076,1909f56bfc062723c751e8b465ee728b)  -> (artifact id: '6ca428ce55349b2945b53f6116f7af95') in 0.016493 seconds
  Import took 0.024046 seconds .

========================================================================
Received Import Request.
  Time since last request: 0.044755 seconds.
  path: Assets/StopTheSpread2Game/Scripts/Enemy.cs
  artifactKey: Guid(a80d084c0f082f243b762142cb1a4cbb) Importer(815301076,1909f56bfc062723c751e8b465ee728b)
Start importing Assets/StopTheSpread2Game/Scripts/Enemy.cs using Guid(a80d084c0f082f243b762142cb1a4cbb) Importer(815301076,1909f56bfc062723c751e8b465ee728b)  -> (artifact id: '6ca428ce55349b2945b53f6116f7af95') in 0.010725 seconds
  Import took 0.015538 seconds .

========================================================================
Received Prepare
Registering precompiled user dll's ...
Registered in 0.001563 seconds.
Begin MonoManager ReloadAssembly
Native extension for WindowsStandalone target not found
Refreshing native plugins compatible for Editor in 0.50 ms, found 0 plugins.
Preloading 0 native plugins for Editor in 0.00 ms.
Warning: Annotation not found!
UnityEngine.StackTraceUtility:ExtractStackTrace ()
UnityEditor.ProBuilder.EditorUtility:SetGizmoIconEnabled (System.Type,bool) (at Library/PackageCache/com.unity.probuilder@4.4.0/Editor/EditorCore/EditorUtility.cs:593)
UnityEditor.ProBuilder.HierarchyListener:.cctor () (at Library/PackageCache/com.unity.probuilder@4.4.0/Editor/EditorCore/HierarchyListener.cs:21)
System.Runtime.CompilerServices.RuntimeHelpers:RunClassConstructor (System.RuntimeTypeHandle)
UnityEditor.EditorAssemblies:ProcessInitializeOnLoadAttributes (System.Type[])

[Library/PackageCache/com.unity.probuilder@4.4.0/Editor/EditorCore/EditorUtility.cs line 593]

Invoked RoslynAnalysisRunner static constructor.
RoslynAnalysisRunner will not be running.
RoslynAnalysisRunner has terminated.
Mono: successfully reloaded assembly
- Completed reload, in  2.440 seconds
Platform modules already initialized, skipping
Refreshing native plugins compatible for Editor in 0.54 ms, found 0 plugins.
Preloading 0 native plugins for Editor in 0.00 ms.
Unloading 1501 Unused Serialized files (Serialized files now loaded: 0)
System memory in use before: 81.7 MB.
System memory in use after: 81.7 MB.

Unloading 7 unused Assets to reduce memory usage. Loaded Objects now: 2030.
Total: 5.760300 ms (FindLiveObjects: 0.340400 ms CreateObjectMapping: 0.132800 ms MarkObjects: 5.022900 ms  DeleteObjects: 0.261400 ms)

========================================================================
Received Prepare
Registering precompiled user dll's ...
Registered in 0.001334 seconds.
Begin MonoManager ReloadAssembly
Native extension for WindowsStandalone target not found
Refreshing native plugins compatible for Editor in 0.52 ms, found 0 plugins.
Preloading 0 native plugins for Editor in 0.00 ms.
Warning: Annotation not found!
UnityEngine.StackTraceUtility:ExtractStackTrace ()
UnityEditor.ProBuilder.EditorUtility:SetGizmoIconEnabled (System.Type,bool) (at Library/PackageCache/com.unity.probuilder@4.4.0/Editor/EditorCore/EditorUtility.cs:593)
UnityEditor.ProBuilder.HierarchyListener:.cctor () (at Library/PackageCache/com.unity.probuilder@4.4.0/Editor/EditorCore/HierarchyListener.cs:21)
System.Runtime.CompilerServices.RuntimeHelpers:RunClassConstructor (System.RuntimeTypeHandle)
UnityEditor.EditorAssemblies:ProcessInitializeOnLoadAttributes (System.Type[])

[Library/PackageCache/com.unity.probuilder@4.4.0/Editor/EditorCore/EditorUtility.cs line 593]

Invoked RoslynAnalysisRunner static constructor.
RoslynAnalysisRunner will not be running.
RoslynAnalysisRunner has terminated.
Mono: successfully reloaded assembly
- Completed reload, in  1.343 seconds
Platform modules already initialized, skipping
Refreshing native plugins compatible for Editor in 0.64 ms, found 0 plugins.
Preloading 0 native plugins for Editor in 0.00 ms.
Unloading 1501 Unused Serialized files (Serialized files now loaded: 0)
System memory in use before: 81.7 MB.
System memory in use after: 81.8 MB.

Unloading 7 unused Assets to reduce memory usage. Loaded Objects now: 2032.
Total: 5.950500 ms (FindLiveObjects: 0.288900 ms CreateObjectMapping: 0.129400 ms MarkObjects: 5.322000 ms  DeleteObjects: 0.207200 ms)

========================================================================
Received Prepare
Registering precompiled user dll's ...
Registered in 0.001568 seconds.
Begin MonoManager ReloadAssembly
Native extension for WindowsStandalone target not found
Refreshing native plugins compatible for Editor in 1.02 ms, found 0 plugins.
Preloading 0 native plugins for Editor in 0.00 ms.
Warning: Annotation not found!
UnityEngine.StackTraceUtility:ExtractStackTrace ()
UnityEditor.ProBuilder.EditorUtility:SetGizmoIconEnabled (System.Type,bool) (at Library/PackageCache/com.unity.probuilder@4.4.0/Editor/EditorCore/EditorUtility.cs:593)
UnityEditor.ProBuilder.HierarchyListener:.cctor () (at Library/PackageCache/com.unity.probuilder@4.4.0/Editor/EditorCore/HierarchyListener.cs:21)
System.Runtime.CompilerServices.RuntimeHelpers:RunClassConstructor (System.RuntimeTypeHandle)
UnityEditor.EditorAssemblies:ProcessInitializeOnLoadAttributes (System.Type[])

[Library/PackageCache/com.unity.probuilder@4.4.0/Editor/EditorCore/EditorUtility.cs line 593]

Invoked RoslynAnalysisRunner static constructor.
RoslynAnalysisRunner will not be running.
RoslynAnalysisRunner has terminated.
Mono: successfully reloaded assembly
- Completed reload, in  2.135 seconds
Platform modules already initialized, skipping
Refreshing native plugins compatible for Editor in 0.61 ms, found 0 plugins.
Preloading 0 native plugins for Editor in 0.00 ms.
Unloading 1501 Unused Serialized files (Serialized files now loaded: 0)
System memory in use before: 81.7 MB.
System memory in use after: 81.8 MB.

Unloading 7 unused Assets to reduce memory usage. Loaded Objects now: 2034.
Total: 4.139600 ms (FindLiveObjects: 0.222900 ms CreateObjectMapping: 0.073400 ms MarkObjects: 3.702500 ms  DeleteObjects: 0.138100 ms)

========================================================================
Received Prepare
Registering precompiled user dll's ...
Registered in 0.001387 seconds.
Begin MonoManager ReloadAssembly
Native extension for WindowsStandalone target not found
Refreshing native plugins compatible for Editor in 0.55 ms, found 0 plugins.
Preloading 0 native plugins for Editor in 0.00 ms.
Warning: Annotation not found!
UnityEngine.StackTraceUtility:ExtractStackTrace ()
UnityEditor.ProBuilder.EditorUtility:SetGizmoIconEnabled (System.Type,bool) (at Library/PackageCache/com.unity.probuilder@4.4.0/Editor/EditorCore/EditorUtility.cs:593)
UnityEditor.ProBuilder.HierarchyListener:.cctor () (at Library/PackageCache/com.unity.probuilder@4.4.0/Editor/EditorCore/HierarchyListener.cs:21)
System.Runtime.CompilerServices.RuntimeHelpers:RunClassConstructor (System.RuntimeTypeHandle)
UnityEditor.EditorAssemblies:ProcessInitializeOnLoadAttributes (System.Type[])

[Library/PackageCache/com.unity.probuilder@4.4.0/Editor/EditorCore/EditorUtility.cs line 593]

Invoked RoslynAnalysisRunner static constructor.
RoslynAnalysisRunner will not be running.
RoslynAnalysisRunner has terminated.
Mono: successfully reloaded assembly
- Completed reload, in  1.316 seconds
Platform modules already initialized, skipping
Refreshing native plugins compatible for Editor in 0.58 ms, found 0 plugins.
Preloading 0 native plugins for Editor in 0.00 ms.
Unloading 1501 Unused Serialized files (Serialized files now loaded: 0)
System memory in use before: 81.7 MB.
System memory in use after: 81.8 MB.

Unloading 7 unused Assets to reduce memory usage. Loaded Objects now: 2036.
Total: 3.309200 ms (FindLiveObjects: 0.197800 ms CreateObjectMapping: 0.073100 ms MarkObjects: 2.905600 ms  DeleteObjects: 0.130900 ms)

========================================================================
Received Prepare
Registering precompiled user dll's ...
Registered in 0.002498 seconds.
Begin MonoManager ReloadAssembly
Native extension for WindowsStandalone target not found
Refreshing native plugins compatible for Editor in 0.83 ms, found 0 plugins.
Preloading 0 native plugins for Editor in 0.00 ms.
Warning: Annotation not found!
UnityEngine.StackTraceUtility:ExtractStackTrace ()
UnityEditor.ProBuilder.EditorUtility:SetGizmoIconEnabled (System.Type,bool) (at Library/PackageCache/com.unity.probuilder@4.4.0/Editor/EditorCore/EditorUtility.cs:593)
UnityEditor.ProBuilder.HierarchyListener:.cctor () (at Library/PackageCache/com.unity.probuilder@4.4.0/Editor/EditorCore/HierarchyListener.cs:21)
System.Runtime.CompilerServices.RuntimeHelpers:RunClassConstructor (System.RuntimeTypeHandle)
UnityEditor.EditorAssemblies:ProcessInitializeOnLoadAttributes (System.Type[])

[Library/PackageCache/com.unity.probuilder@4.4.0/Editor/EditorCore/EditorUtility.cs line 593]

Invoked RoslynAnalysisRunner static constructor.
RoslynAnalysisRunner will not be running.
RoslynAnalysisRunner has terminated.
Mono: successfully reloaded assembly
- Completed reload, in  1.375 seconds
Platform modules already initialized, skipping
Refreshing native plugins compatible for Editor in 0.87 ms, found 0 plugins.
Preloading 0 native plugins for Editor in 0.00 ms.
Unloading 1501 Unused Serialized files (Serialized files now loaded: 0)
System memory in use before: 81.7 MB.
System memory in use after: 81.8 MB.

Unloading 7 unused Assets to reduce memory usage. Loaded Objects now: 2038.
Total: 5.086400 ms (FindLiveObjects: 0.401400 ms CreateObjectMapping: 0.158400 ms MarkObjects: 4.304600 ms  DeleteObjects: 0.218300 ms)

========================================================================
Received Prepare
Registering precompiled user dll's ...
Registered in 0.002731 seconds.
Begin MonoManager ReloadAssembly
Native extension for WindowsStandalone target not found
Refreshing native plugins compatible for Editor in 0.54 ms, found 0 plugins.
Preloading 0 native plugins for Editor in 0.00 ms.
Warning: Annotation not found!
UnityEngine.StackTraceUtility:ExtractStackTrace ()
UnityEditor.ProBuilder.EditorUtility:SetGizmoIconEnabled (System.Type,bool) (at Library/PackageCache/com.unity.probuilder@4.4.0/Editor/EditorCore/EditorUtility.cs:593)
UnityEditor.ProBuilder.HierarchyListener:.cctor () (at Library/PackageCache/com.unity.probuilder@4.4.0/Editor/EditorCore/HierarchyListener.cs:21)
System.Runtime.CompilerServices.RuntimeHelpers:RunClassConstructor (System.RuntimeTypeHandle)
UnityEditor.EditorAssemblies:ProcessInitializeOnLoadAttributes (System.Type[])

[Library/PackageCache/com.unity.probuilder@4.4.0/Editor/EditorCore/EditorUtility.cs line 593]

Invoked RoslynAnalysisRunner static constructor.
RoslynAnalysisRunner will not be running.
RoslynAnalysisRunner has terminated.
Mono: successfully reloaded assembly
- Completed reload, in  1.995 seconds
Platform modules already initialized, skipping
Refreshing native plugins compatible for Editor in 0.66 ms, found 0 plugins.
Preloading 0 native plugins for Editor in 0.00 ms.
Unloading 1501 Unused Serialized files (Serialized files now loaded: 0)
System memory in use before: 81.7 MB.
System memory in use after: 81.8 MB.

Unloading 7 unused Assets to reduce memory usage. Loaded Objects now: 2040.
Total: 3.653100 ms (FindLiveObjects: 0.212600 ms CreateObjectMapping: 0.073100 ms MarkObjects: 3.211800 ms  DeleteObjects: 0.152900 ms)

========================================================================
Received Prepare
Registering precompiled user dll's ...
Registered in 0.001261 seconds.
Begin MonoManager ReloadAssembly
Native extension for WindowsStandalone target not found
Refreshing native plugins compatible for Editor in 0.85 ms, found 0 plugins.
Preloading 0 native plugins for Editor in 0.00 ms.
Warning: Annotation not found!
UnityEngine.StackTraceUtility:ExtractStackTrace ()
UnityEditor.ProBuilder.EditorUtility:SetGizmoIconEnabled (System.Type,bool) (at Library/PackageCache/com.unity.probuilder@4.4.0/Editor/EditorCore/EditorUtility.cs:593)
UnityEditor.ProBuilder.HierarchyListener:.cctor () (at Library/PackageCache/com.unity.probuilder@4.4.0/Editor/EditorCore/HierarchyListener.cs:21)
System.Runtime.CompilerServices.RuntimeHelpers:RunClassConstructor (System.RuntimeTypeHandle)
UnityEditor.EditorAssemblies:ProcessInitializeOnLoadAttributes (System.Type[])

[Library/PackageCache/com.unity.probuilder@4.4.0/Editor/EditorCore/EditorUtility.cs line 593]

Invoked RoslynAnalysisRunner static constructor.
RoslynAnalysisRunner will not be running.
RoslynAnalysisRunner has terminated.
Mono: successfully reloaded assembly
- Completed reload, in  2.125 seconds
Platform modules already initialized, skipping
Refreshing native plugins compatible for Editor in 0.63 ms, found 0 plugins.
Preloading 0 native plugins for Editor in 0.00 ms.
Unloading 1501 Unused Serialized files (Serialized files now loaded: 0)
System memory in use before: 81.7 MB.
System memory in use after: 81.8 MB.

Unloading 7 unused Assets to reduce memory usage. Loaded Objects now: 2042.
Total: 3.335300 ms (FindLiveObjects: 0.228400 ms CreateObjectMapping: 0.078200 ms MarkObjects: 2.884200 ms  DeleteObjects: 0.142300 ms)

========================================================================
Received Prepare
Registering precompiled user dll's ...
Registered in 0.002064 seconds.
Begin MonoManager ReloadAssembly
Native extension for WindowsStandalone target not found
Refreshing native plugins compatible for Editor in 0.58 ms, found 0 plugins.
Preloading 0 native plugins for Editor in 0.00 ms.
Warning: Annotation not found!
UnityEngine.StackTraceUtility:ExtractStackTrace ()
UnityEditor.ProBuilder.EditorUtility:SetGizmoIconEnabled (System.Type,bool) (at Library/PackageCache/com.unity.probuilder@4.4.0/Editor/EditorCore/EditorUtility.cs:593)
UnityEditor.ProBuilder.HierarchyListener:.cctor () (at Library/PackageCache/com.unity.probuilder@4.4.0/Editor/EditorCore/HierarchyListener.cs:21)
System.Runtime.CompilerServices.RuntimeHelpers:RunClassConstructor (System.RuntimeTypeHandle)
UnityEditor.EditorAssemblies:ProcessInitializeOnLoadAttributes (System.Type[])

[Library/PackageCache/com.unity.probuilder@4.4.0/Editor/EditorCore/EditorUtility.cs line 593]

Invoked RoslynAnalysisRunner static constructor.
RoslynAnalysisRunner will not be running.
RoslynAnalysisRunner has terminated.
Mono: successfully reloaded assembly
- Completed reload, in  1.812 seconds
Platform modules already initialized, skipping
Refreshing native plugins compatible for Editor in 1.66 ms, found 0 plugins.
Preloading 0 native plugins for Editor in 0.00 ms.
Unloading 1501 Unused Serialized files (Serialized files now loaded: 0)
System memory in use before: 81.7 MB.
System memory in use after: 81.8 MB.

Unloading 7 unused Assets to reduce memory usage. Loaded Objects now: 2044.
Total: 7.514300 ms (FindLiveObjects: 0.434100 ms CreateObjectMapping: 0.390500 ms MarkObjects: 6.340700 ms  DeleteObjects: 0.344800 ms)

========================================================================
Received Prepare
Refreshing native plugins compatible for Editor in 1.64 ms, found 0 plugins.
Preloading 0 native plugins for Editor in 0.00 ms.
Unloading 5 Unused Serialized files (Serialized files now loaded: 0)
System memory in use before: 52.1 MB.
System memory in use after: 52.2 MB.

Unloading 5 unused Assets to reduce memory usage. Loaded Objects now: 2044.
Total: 2.947900 ms (FindLiveObjects: 0.181900 ms CreateObjectMapping: 0.063100 ms MarkObjects: 2.569800 ms  DeleteObjects: 0.130800 ms)

========================================================================
Received Import Request.
  Time since last request: 1516.810570 seconds.
  path: Assets/StopTheSpread2Game/Scenes/MainMenu.unity
  artifactKey: Guid(b7635582558e6074eb232e6af4de521d) Importer(815301076,1909f56bfc062723c751e8b465ee728b)
Start importing Assets/StopTheSpread2Game/Scenes/MainMenu.unity using Guid(b7635582558e6074eb232e6af4de521d) Importer(815301076,1909f56bfc062723c751e8b465ee728b)  -> (artifact id: '7d95a05c7cc476e4d0d2d7f10f54feda') in 0.031194 seconds
  Import took 0.039510 seconds .

========================================================================
Received Prepare
Registering precompiled user dll's ...
Registered in 0.001008 seconds.
Begin MonoManager ReloadAssembly
Native extension for WindowsStandalone target not found
Refreshing native plugins compatible for Editor in 0.36 ms, found 0 plugins.
Preloading 0 native plugins for Editor in 0.00 ms.
Warning: Annotation not found!
UnityEngine.StackTraceUtility:ExtractStackTrace ()
UnityEditor.ProBuilder.EditorUtility:SetGizmoIconEnabled (System.Type,bool) (at Library/PackageCache/com.unity.probuilder@4.4.0/Editor/EditorCore/EditorUtility.cs:593)
UnityEditor.ProBuilder.HierarchyListener:.cctor () (at Library/PackageCache/com.unity.probuilder@4.4.0/Editor/EditorCore/HierarchyListener.cs:21)
System.Runtime.CompilerServices.RuntimeHelpers:RunClassConstructor (System.RuntimeTypeHandle)
UnityEditor.EditorAssemblies:ProcessInitializeOnLoadAttributes (System.Type[])

[Library/PackageCache/com.unity.probuilder@4.4.0/Editor/EditorCore/EditorUtility.cs line 593]

Invoked RoslynAnalysisRunner static constructor.
RoslynAnalysisRunner will not be running.
RoslynAnalysisRunner has terminated.
Mono: successfully reloaded assembly
- Completed reload, in  0.781 seconds
Platform modules already initialized, skipping
Refreshing native plugins compatible for Editor in 0.38 ms, found 0 plugins.
Preloading 0 native plugins for Editor in 0.00 ms.
Unloading 1501 Unused Serialized files (Serialized files now loaded: 0)
System memory in use before: 81.7 MB.
System memory in use after: 81.8 MB.

Unloading 7 unused Assets to reduce memory usage. Loaded Objects now: 2046.
Total: 1.816700 ms (FindLiveObjects: 0.153400 ms CreateObjectMapping: 0.042800 ms MarkObjects: 1.532800 ms  DeleteObjects: 0.086700 ms)

========================================================================
Received Prepare
Registering precompiled user dll's ...
Registered in 0.001053 seconds.
Begin MonoManager ReloadAssembly
Native extension for WindowsStandalone target not found
Refreshing native plugins compatible for Editor in 0.34 ms, found 0 plugins.
Preloading 0 native plugins for Editor in 0.00 ms.
Warning: Annotation not found!
UnityEngine.StackTraceUtility:ExtractStackTrace ()
UnityEditor.ProBuilder.EditorUtility:SetGizmoIconEnabled (System.Type,bool) (at Library/PackageCache/com.unity.probuilder@4.4.0/Editor/EditorCore/EditorUtility.cs:593)
UnityEditor.ProBuilder.HierarchyListener:.cctor () (at Library/PackageCache/com.unity.probuilder@4.4.0/Editor/EditorCore/HierarchyListener.cs:21)
System.Runtime.CompilerServices.RuntimeHelpers:RunClassConstructor (System.RuntimeTypeHandle)
UnityEditor.EditorAssemblies:ProcessInitializeOnLoadAttributes (System.Type[])

[Library/PackageCache/com.unity.probuilder@4.4.0/Editor/EditorCore/EditorUtility.cs line 593]

Invoked RoslynAnalysisRunner static constructor.
RoslynAnalysisRunner will not be running.
RoslynAnalysisRunner has terminated.
Mono: successfully reloaded assembly
- Completed reload, in  0.783 seconds
Platform modules already initialized, skipping
Refreshing native plugins compatible for Editor in 0.36 ms, found 0 plugins.
Preloading 0 native plugins for Editor in 0.00 ms.
Unloading 1501 Unused Serialized files (Serialized files now loaded: 0)
System memory in use before: 81.7 MB.
System memory in use after: 81.8 MB.

Unloading 7 unused Assets to reduce memory usage. Loaded Objects now: 2048.
Total: 2.020300 ms (FindLiveObjects: 0.152400 ms CreateObjectMapping: 0.051200 ms MarkObjects: 1.724900 ms  DeleteObjects: 0.090200 ms)

========================================================================
Received Prepare
Refreshing native plugins compatible for Editor in 1.18 ms, found 0 plugins.
Preloading 0 native plugins for Editor in 0.00 ms.
Unloading 5 Unused Serialized files (Serialized files now loaded: 0)
System memory in use before: 52.1 MB.
System memory in use after: 52.2 MB.

Unloading 5 unused Assets to reduce memory usage. Loaded Objects now: 2048.
Total: 2.147400 ms (FindLiveObjects: 0.215100 ms CreateObjectMapping: 0.068600 ms MarkObjects: 1.767400 ms  DeleteObjects: 0.095000 ms)

AssetImportWorkerClient::OnTransportError - code=2 error=End of file
